[35m[Appium][39m Welcome to Appium v1.22.3
[35m[Appium][39m Non-default server args:
[35m[Appium][39m   port: 50932
[35m[Appium][39m   loglevel: info
[35m[Appium][39m   tmpDir: /var/folders/xt/_fddvxnx7z50tg8j8twt76180000gp/T//Katalon/Appium/Temp1726418378200
[35m[Appium][39m Appium REST http interface listener started on 0.0.0.0:50932
[35m[HTTP][39m [37m-->[39m [37mGET[39m [37m/wd/hub/status[39m
[35m[HTTP][39m [90m{}[39m
[35m[HTTP][39m [37m<-- GET /wd/hub/status [39m[32m200[39m [90m2 ms - 68[39m
[35m[HTTP][39m [90m[39m
[35m[HTTP][39m [37m-->[39m [37mGET[39m [37m/wd/hub/status[39m
[35m[HTTP][39m [90m{}[39m
[35m[HTTP][39m [37m<-- GET /wd/hub/status [39m[32m200[39m [90m0 ms - 68[39m
[35m[HTTP][39m [90m[39m
[35m[HTTP][39m [37m-->[39m [37mPOST[39m [37m/wd/hub/session[39m
[35m[HTTP][39m [90m{"desiredCapabilities":{"app":"/Users/achmad/git/katalon-taskfinal-AchmadSyahHidayat/apk/Todo_2.0_APKPure.apk","noReset":true,"newCommandTimeout":1800,"platformVersion":"12","automationName":"uiautomator2","autoGrantPermissions":true,"platformName":"Android","udid":"emulator-5554","deviceName":"emulator-5554 (sdk_gphone64_arm64 - Android 12)","fullReset":false,"systemPort":50944},"capabilities":{"firstMatch":[{"appium:app":"/Users/achmad/git/katalon-taskfinal-AchmadSyahHidayat/apk/Todo_2.0_APKPure.apk","appium:autoGrantPermissions":true,"appium:automationName":"uiautomator2","appium:deviceName":"emulator-5554 (sdk_gphone64_arm64 - Android 12)","appium:fullReset":false,"appium:newCommandTimeout":1800,"appium:noReset":true,"platformName":"android","appium:platformVersion":"12","appium:systemPort":50944,"appium:udid":"emulator-5554"}]}}[39m
[35m[Appium][39m Appium v1.22.3 creating new AndroidUiautomator2Driver (v1.70.1) session
[35m[BaseDriver][39m Session created with session id: 0b8ca759-a36a-4dda-b33f-38b3cd94c684
[35m[BaseDriver][39m Using local app '/Users/achmad/git/katalon-taskfinal-AchmadSyahHidayat/apk/Todo_2.0_APKPure.apk'
[35m[ADB][39m Found 1 'build-tools' folders under '/Users/achmad/.katalon/tools/android_sdk' (newest first):
[35m[ADB][39m     /Users/achmad/.katalon/tools/android_sdk/build-tools/29.0.3
[35m[ADB][39m Using 'adb' from '/Users/achmad/.katalon/tools/android_sdk/platform-tools/adb'
[35m[AndroidDriver][39m Retrieving device list
[35m[AndroidDriver][39m Using device: emulator-5554
[35m[ADB][39m Using 'adb' from '/Users/achmad/.katalon/tools/android_sdk/platform-tools/adb'
[35m[ADB][39m Getting device platform version
[35m[UiAutomator2][39m Relaxing hidden api policy
[35m[ADB][39m Package name: 'com.avinashproduct.todo'
[35m[ADB][39m Main activity name: 'com.avinashproduct.todo.SplashScreenActivity'
[35m[ADB][39m Using 'apksigner.jar' from '/Users/achmad/.katalon/tools/android_sdk/build-tools/29.0.3/lib/apksigner.jar'
[35m[ADB][39m '/Users/achmad/.nvm/versions/node/v18.20.3/lib/node_modules/appium/node_modules/appium-uiautomator2-server/apks/appium-uiautomator2-server-v4.27.0.apk' is signed with the default certificate
[35m[ADB][39m '/Users/achmad/.nvm/versions/node/v18.20.3/lib/node_modules/appium/node_modules/appium-uiautomator2-server/apks/appium-uiautomator2-server-debug-androidTest.apk' is signed with the default certificate
[35m[UiAutomator2][39m Server packages are not going to be (re)installed
[35m[ADB][39m Adding packages ["io.appium.settings","io.appium.uiautomator2.server","io.appium.uiautomator2.server.test"] to Doze whitelist
[35m[ADB][39m '/Users/achmad/git/katalon-taskfinal-AchmadSyahHidayat/apk/Todo_2.0_APKPure.apk' is signed with a non-default certificate
[35m[ADB][39m The application at '/Users/achmad/git/katalon-taskfinal-AchmadSyahHidayat/apk/Todo_2.0_APKPure.apk' will not be cached, because the device under test has confirmed the support of streamed installs
[35m[ADB][39m The installation of 'Todo_2.0_APKPure.apk' took 281ms
[35m[UiAutomator2][39m Starting UIAutomator2 server 4.27.0
[35m[UiAutomator2][39m Using UIAutomator2 server from '/Users/achmad/.nvm/versions/node/v18.20.3/lib/node_modules/appium/node_modules/appium-uiautomator2-server/apks/appium-uiautomator2-server-v4.27.0.apk' and test from '/Users/achmad/.nvm/versions/node/v18.20.3/lib/node_modules/appium/node_modules/appium-uiautomator2-server/apks/appium-uiautomator2-server-debug-androidTest.apk'
[35m[UiAutomator2][39m Waiting up to 30000ms for UiAutomator2 to be online...
[35m[WD Proxy][39m socket hang up
[35m[WD Proxy][39m socket hang up
[35m[WD Proxy][39m Determined the downstream protocol as 'W3C'
[35m[AndroidDriver][39m Screen already unlocked, doing nothing
[35m[UiAutomator2][39m Starting 'com.avinashproduct.todo/com.avinashproduct.todo.SplashScreenActivity and waiting for 'com.avinashproduct.todo/com.avinashproduct.todo.SplashScreenActivity'
[35m[Appium][39m New AndroidUiautomator2Driver session created successfully, session 0b8ca759-a36a-4dda-b33f-38b3cd94c684 added to master session list
[35m[HTTP][39m [37m<-- POST /wd/hub/session [39m[32m200[39m [90m5397 ms - 1276[39m
[35m[HTTP][39m [90m[39m
[35m[HTTP][39m [37m-->[39m [37mGET[39m [37m/wd/hub/session/0b8ca759-a36a-4dda-b33f-38b3cd94c684[39m
[35m[HTTP][39m [90m{}[39m
[35m[HTTP][39m [37m<-- GET /wd/hub/session/0b8ca759-a36a-4dda-b33f-38b3cd94c684 [39m[32m200[39m [90m3 ms - 1230[39m
[35m[HTTP][39m [90m[39m
[35m[HTTP][39m [37m-->[39m [37mGET[39m [37m/wd/hub/session/0b8ca759-a36a-4dda-b33f-38b3cd94c684[39m
[35m[HTTP][39m [90m{}[39m
[35m[HTTP][39m [37m<-- GET /wd/hub/session/0b8ca759-a36a-4dda-b33f-38b3cd94c684 [39m[32m200[39m [90m5 ms - 1230[39m
[35m[HTTP][39m [90m[39m
[35m[HTTP][39m [37m-->[39m [37mGET[39m [37m/wd/hub/status[39m
[35m[HTTP][39m [90m{}[39m
[35m[HTTP][39m [37m<-- GET /wd/hub/status [39m[32m200[39m [90m0 ms - 68[39m
[35m[HTTP][39m [90m[39m
[35m[HTTP][39m [37m-->[39m [37mPOST[39m [37m/wd/hub/session/0b8ca759-a36a-4dda-b33f-38b3cd94c684/timeouts[39m
[35m[HTTP][39m [90m{"implicit":60000}[39m
[35m[HTTP][39m [37m<-- POST /wd/hub/session/0b8ca759-a36a-4dda-b33f-38b3cd94c684/timeouts [39m[32m200[39m [90m1 ms - 14[39m
[35m[HTTP][39m [90m[39m
[35m[HTTP][39m [37m-->[39m [37mGET[39m [37m/wd/hub/session/0b8ca759-a36a-4dda-b33f-38b3cd94c684/source[39m
[35m[HTTP][39m [90m{}[39m
[35m[W3C (0b8ca759)][39m Driver proxy active, passing request on via HTTP proxy
[35m[WD Proxy][39m Replacing sessionId 16934288-6a68-4686-afd3-9809f24bdb79 with 0b8ca759-a36a-4dda-b33f-38b3cd94c684
[35m[HTTP][39m [37m<-- GET /wd/hub/session/0b8ca759-a36a-4dda-b33f-38b3cd94c684/source [39m[32m200[39m [90m268 ms - 4121[39m
[35m[HTTP][39m [90m[39m
[35m[HTTP][39m [37m-->[39m [37mGET[39m [37m/wd/hub/session/0b8ca759-a36a-4dda-b33f-38b3cd94c684/screenshot[39m
[35m[HTTP][39m [90m{}[39m
[35m[HTTP][39m [37m<-- GET /wd/hub/session/0b8ca759-a36a-4dda-b33f-38b3cd94c684/screenshot [39m[32m200[39m [90m191 ms - 71522[39m
[35m[HTTP][39m [90m[39m
[35m[HTTP][39m [37m-->[39m [37mGET[39m [37m/wd/hub/session/0b8ca759-a36a-4dda-b33f-38b3cd94c684/source[39m
[35m[HTTP][39m [90m{}[39m
[35m[W3C (0b8ca759)][39m Driver proxy active, passing request on via HTTP proxy
[35m[WD Proxy][39m Replacing sessionId 16934288-6a68-4686-afd3-9809f24bdb79 with 0b8ca759-a36a-4dda-b33f-38b3cd94c684
[35m[HTTP][39m [37m<-- GET /wd/hub/session/0b8ca759-a36a-4dda-b33f-38b3cd94c684/source [39m[32m200[39m [90m40 ms - 11575[39m
[35m[HTTP][39m [90m[39m
[35m[HTTP][39m [37m-->[39m [37mGET[39m [37m/wd/hub/session/0b8ca759-a36a-4dda-b33f-38b3cd94c684/screenshot[39m
[35m[HTTP][39m [90m{}[39m
[35m[HTTP][39m [37m<-- GET /wd/hub/session/0b8ca759-a36a-4dda-b33f-38b3cd94c684/screenshot [39m[32m200[39m [90m173 ms - 192784[39m
[35m[HTTP][39m [90m[39m
[35m[HTTP][39m [37m-->[39m [37mDELETE[39m [37m/wd/hub/session/0b8ca759-a36a-4dda-b33f-38b3cd94c684[39m
[35m[HTTP][39m [90m{}[39m
[35m[Appium][39m Removing session 0b8ca759-a36a-4dda-b33f-38b3cd94c684 from our master session list
[35m[UiAutomator2][39m Restoring hidden api policy to the device default configuration
[35m[HTTP][39m [37m<-- DELETE /wd/hub/session/0b8ca759-a36a-4dda-b33f-38b3cd94c684 [39m[32m200[39m [90m208 ms - 14[39m
[35m[HTTP][39m [90m[39m
[35m[Appium][39m Received SIGTERM - shutting down
